================================================== stage: s1-init ==================================================
---------------------------------- mission: MCB5213E1DA, driver: driver1 ----------------------------------
2017-11-13 11:26:15,877 [INFO] [Log4jLogManager] - will append log to file /home/wbv77191/COSBench_Tests/cosbench/log/mission/MCB5213E1DA.log
2017-11-13 11:26:16,096 [INFO] [NoneStorage] - performing PUT at /s3testqwer1
2017-11-13 11:26:17,194 [INFO] [NoneStorage] - performing PUT at /s3testqwer2
2017-11-13 11:26:17,206 [INFO] [NoneStorage] - performing PUT at /s3testqwer3
2017-11-13 11:26:17,218 [INFO] [NoneStorage] - performing PUT at /s3testqwer4
2017-11-13 11:26:17,229 [INFO] [NoneStorage] - performing PUT at /s3testqwer5
2017-11-13 11:26:17,233 [INFO] [NoneStorage] - performing PUT at /s3testqwer6
2017-11-13 11:26:17,238 [INFO] [NoneStorage] - performing PUT at /s3testqwer7
2017-11-13 11:26:17,245 [INFO] [NoneStorage] - performing PUT at /s3testqwer8
2017-11-13 11:26:17,249 [INFO] [NoneStorage] - performing PUT at /s3testqwer9
2017-11-13 11:26:17,253 [INFO] [NoneStorage] - performing PUT at /s3testqwer10
2017-11-13 11:26:17,257 [INFO] [NoneStorage] - performing PUT at /s3testqwer11
2017-11-13 11:26:17,261 [INFO] [NoneStorage] - performing PUT at /s3testqwer12
2017-11-13 11:26:17,265 [INFO] [NoneStorage] - performing PUT at /s3testqwer13
2017-11-13 11:26:17,269 [INFO] [NoneStorage] - performing PUT at /s3testqwer14
2017-11-13 11:26:17,273 [INFO] [NoneStorage] - performing PUT at /s3testqwer15
2017-11-13 11:26:17,276 [INFO] [NoneStorage] - performing PUT at /s3testqwer16
2017-11-13 11:26:17,290 [INFO] [NoneStorage] - performing PUT at /s3testqwer17
2017-11-13 11:26:17,299 [INFO] [NoneStorage] - performing PUT at /s3testqwer18
2017-11-13 11:26:17,306 [INFO] [NoneStorage] - performing PUT at /s3testqwer19
2017-11-13 11:26:17,310 [INFO] [NoneStorage] - performing PUT at /s3testqwer20
================================================== stage: s2-prepare ==================================================
---------------------------------- mission: M4B5215F17C, driver: driver1 ----------------------------------
2017-11-13 11:26:23,818 [INFO] [Log4jLogManager] - will append log to file /home/wbv77191/COSBench_Tests/cosbench/log/mission/M4B5215F17C.log
2017-11-13 11:26:24,150 [INFO] [NoneStorage] - performing PUT at /s3testqwer1/myobjects77
2017-11-13 11:26:24,153 [INFO] [NoneStorage] - performing PUT at /s3testqwer1/myobjects247
2017-11-13 11:26:24,153 [INFO] [NoneStorage] - performing PUT at /s3testqwer1/myobjects283
2017-11-13 11:26:24,153 [INFO] [NoneStorage] - performing PUT at /s3testqwer1/myobjects265
2017-11-13 11:26:24,152 [INFO] [NoneStorage] - performing PUT at /s3testqwer1/myobjects229
2017-11-13 11:26:24,152 [INFO] [NoneStorage] - performing PUT at /s3testqwer1/myobjects210
2017-11-13 11:26:24,152 [INFO] [NoneStorage] - performing PUT at /s3testqwer1/myobjects191
2017-11-13 11:26:24,152 [INFO] [NoneStorage] - performing PUT at /s3testqwer1/myobjects172
2017-11-13 11:26:24,151 [INFO] [NoneStorage] - performing PUT at /s3testqwer1/myobjects134
2017-11-13 11:26:24,151 [INFO] [NoneStorage] - performing PUT at /s3testqwer1/myobjects153
2017-11-13 11:26:24,149 [INFO] [NoneStorage] - performing PUT at /s3testqwer1/myobjects39
2017-11-13 11:26:24,149 [INFO] [NoneStorage] - performing PUT at /s3testqwer1/myobjects20
2017-11-13 11:26:24,150 [INFO] [NoneStorage] - performing PUT at /s3testqwer1/myobjects96
2017-11-13 11:26:24,150 [INFO] [NoneStorage] - performing PUT at /s3testqwer1/myobjects115
2017-11-13 11:26:24,149 [INFO] [NoneStorage] - performing PUT at /s3testqwer1/myobjects1
2017-11-13 11:26:24,150 [INFO] [NoneStorage] - performing PUT at /s3testqwer1/myobjects58
2017-11-13 11:26:49,065 [INFO] [NoneStorage] - performing PUT at /s3testqwer1/myobjects173
2017-11-13 11:26:49,200 [INFO] [NoneStorage] - performing PUT at /s3testqwer1/myobjects211
2017-11-13 11:26:49,847 [INFO] [NoneStorage] - performing PUT at /s3testqwer1/myobjects284
2017-11-13 11:26:50,476 [INFO] [NoneStorage] - performing PUT at /s3testqwer1/myobjects97
2017-11-13 11:26:51,025 [INFO] [NoneStorage] - performing PUT at /s3testqwer1/myobjects2
2017-11-13 11:26:51,043 [INFO] [NoneStorage] - performing PUT at /s3testqwer1/myobjects248
2017-11-13 11:26:52,712 [INFO] [NoneStorage] - performing PUT at /s3testqwer1/myobjects78
2017-11-13 11:26:52,827 [INFO] [NoneStorage] - performing PUT at /s3testqwer1/myobjects266
2017-11-13 11:26:52,859 [INFO] [NoneStorage] - performing PUT at /s3testqwer1/myobjects116
2017-11-13 11:26:53,067 [INFO] [NoneStorage] - performing PUT at /s3testqwer1/myobjects135
2017-11-13 11:26:53,137 [INFO] [NoneStorage] - performing PUT at /s3testqwer1/myobjects192
2017-11-13 11:26:53,218 [INFO] [NoneStorage] - performing PUT at /s3testqwer1/myobjects40
2017-11-13 11:26:53,414 [INFO] [NoneStorage] - performing PUT at /s3testqwer1/myobjects59
2017-11-13 11:26:54,661 [INFO] [NoneStorage] - performing PUT at /s3testqwer1/myobjects230
2017-11-13 11:26:54,996 [INFO] [NoneStorage] - performing PUT at /s3testqwer1/myobjects21
2017-11-13 11:26:55,373 [INFO] [NoneStorage] - performing PUT at /s3testqwer1/myobjects154
2017-11-13 11:27:04,266 [INFO] [NoneStorage] - performing PUT at /s3testqwer1/myobjects285
2017-11-13 11:27:06,263 [INFO] [NoneStorage] - performing PUT at /s3testqwer1/myobjects212
2017-11-13 11:27:06,401 [INFO] [NoneStorage] - performing PUT at /s3testqwer1/myobjects98
2017-11-13 11:27:06,783 [INFO] [NoneStorage] - performing PUT at /s3testqwer1/myobjects193
2017-11-13 11:27:07,220 [INFO] [NoneStorage] - performing PUT at /s3testqwer1/myobjects249
2017-11-13 11:27:07,786 [INFO] [NoneStorage] - performing PUT at /s3testqwer1/myobjects3
2017-11-13 11:27:07,852 [INFO] [NoneStorage] - performing PUT at /s3testqwer1/myobjects79
2017-11-13 11:27:08,435 [INFO] [NoneStorage] - performing PUT at /s3testqwer1/myobjects22
2017-11-13 11:27:09,266 [INFO] [NoneStorage] - performing PUT at /s3testqwer1/myobjects174
2017-11-13 11:27:09,601 [INFO] [NoneStorage] - performing PUT at /s3testqwer1/myobjects155
2017-11-13 11:27:09,857 [INFO] [NoneStorage] - performing PUT at /s3testqwer1/myobjects60
2017-11-13 11:27:10,484 [INFO] [NoneStorage] - performing PUT at /s3testqwer1/myobjects267
2017-11-13 11:27:10,858 [INFO] [NoneStorage] - performing PUT at /s3testqwer1/myobjects136
2017-11-13 11:27:11,720 [INFO] [NoneStorage] - performing PUT at /s3testqwer1/myobjects41
2017-11-13 11:27:11,978 [INFO] [NoneStorage] - performing PUT at /s3testqwer1/myobjects117
2017-11-13 11:27:12,650 [INFO] [NoneStorage] - performing PUT at /s3testqwer1/myobjects231
2017-11-13 11:27:18,822 [INFO] [NoneStorage] - performing PUT at /s3testqwer1/myobjects80
2017-11-13 11:27:19,147 [INFO] [NoneStorage] - performing PUT at /s3testqwer1/myobjects286
2017-11-13 11:27:19,924 [INFO] [NoneStorage] - performing PUT at /s3testqwer1/myobjects194
2017-11-13 11:27:21,876 [INFO] [NoneStorage] - performing PUT at /s3testqwer1/myobjects156
2017-11-13 11:27:22,157 [INFO] [NoneStorage] - performing PUT at /s3testqwer1/myobjects213
2017-11-13 11:27:23,550 [INFO] [NoneStorage] - performing PUT at /s3testqwer1/myobjects4
2017-11-13 11:27:23,697 [INFO] [NoneStorage] - performing PUT at /s3testqwer1/myobjects250
2017-11-13 11:27:24,938 [INFO] [NoneStorage] - performing PUT at /s3testqwer1/myobjects137
2017-11-13 11:27:25,242 [INFO] [NoneStorage] - performing PUT at /s3testqwer1/myobjects175
2017-11-13 11:27:25,851 [INFO] [NoneStorage] - performing PUT at /s3testqwer1/myobjects268
2017-11-13 11:27:26,110 [INFO] [NoneStorage] - performing PUT at /s3testqwer1/myobjects99
2017-11-13 11:27:26,257 [INFO] [NoneStorage] - performing PUT at /s3testqwer1/myobjects61
2017-11-13 11:27:27,967 [INFO] [NoneStorage] - performing PUT at /s3testqwer1/myobjects118
2017-11-13 11:27:28,057 [INFO] [NoneStorage] - performing PUT at /s3testqwer1/myobjects23
2017-11-13 11:27:28,703 [INFO] [NoneStorage] - performing PUT at /s3testqwer1/myobjects42
2017-11-13 11:27:28,924 [INFO] [NoneStorage] - performing PUT at /s3testqwer1/myobjects232
2017-11-13 11:27:33,431 [INFO] [NoneStorage] - performing PUT at /s3testqwer1/myobjects195
2017-11-13 11:27:33,490 [INFO] [NoneStorage] - performing PUT at /s3testqwer1/myobjects287
2017-11-13 11:27:35,075 [INFO] [NoneStorage] - performing PUT at /s3testqwer1/myobjects81
2017-11-13 11:27:35,637 [INFO] [NoneStorage] - performing PUT at /s3testqwer1/myobjects214
2017-11-13 11:27:35,967 [INFO] [NoneStorage] - performing PUT at /s3testqwer1/myobjects157
2017-11-13 11:27:36,011 [INFO] [NoneStorage] - performing PUT at /s3testqwer1/myobjects5
2017-11-13 11:27:40,524 [INFO] [NoneStorage] - performing PUT at /s3testqwer1/myobjects176
2017-11-13 11:27:41,258 [INFO] [NoneStorage] - performing PUT at /s3testqwer1/myobjects269
2017-11-13 11:27:41,461 [INFO] [NoneStorage] - performing PUT at /s3testqwer1/myobjects138
2017-11-13 11:27:41,927 [INFO] [NoneStorage] - performing PUT at /s3testqwer1/myobjects62
2017-11-13 11:27:42,519 [INFO] [NoneStorage] - performing PUT at /s3testqwer1/myobjects251
2017-11-13 11:27:42,639 [INFO] [NoneStorage] - performing PUT at /s3testqwer1/myobjects24
2017-11-13 11:27:42,922 [INFO] [NoneStorage] - performing PUT at /s3testqwer1/myobjects100
2017-11-13 11:27:45,305 [INFO] [NoneStorage] - performing PUT at /s3testqwer1/myobjects43
2017-11-13 11:27:45,314 [INFO] [NoneStorage] - performing PUT at /s3testqwer1/myobjects119
2017-11-13 11:27:45,363 [INFO] [NoneStorage] - performing PUT at /s3testqwer1/myobjects233
2017-11-13 11:27:49,336 [INFO] [NoneStorage] - performing PUT at /s3testqwer1/myobjects196
2017-11-13 11:27:51,193 [INFO] [NoneStorage] - performing PUT at /s3testqwer1/myobjects82
2017-11-13 11:27:51,299 [INFO] [NoneStorage] - performing PUT at /s3testqwer1/myobjects158
2017-11-13 11:27:52,747 [INFO] [NoneStorage] - performing PUT at /s3testqwer1/myobjects215
2017-11-13 11:27:53,965 [INFO] [NoneStorage] - performing PUT at /s3testqwer1/myobjects288
2017-11-13 11:27:54,685 [INFO] [NoneStorage] - performing PUT at /s3testqwer1/myobjects177
2017-11-13 11:27:55,282 [INFO] [NoneStorage] - performing PUT at /s3testqwer1/myobjects252
2017-11-13 11:27:56,003 [INFO] [NoneStorage] - performing PUT at /s3testqwer1/myobjects6
2017-11-13 11:27:57,377 [INFO] [NoneStorage] - performing PUT at /s3testqwer1/myobjects270
2017-11-13 11:27:58,219 [INFO] [NoneStorage] - performing PUT at /s3testqwer1/myobjects101
2017-11-13 11:27:58,439 [INFO] [NoneStorage] - performing PUT at /s3testqwer1/myobjects120
2017-11-13 11:27:58,482 [INFO] [NoneStorage] - performing PUT at /s3testqwer1/myobjects234
2017-11-13 11:27:59,969 [INFO] [NoneStorage] - performing PUT at /s3testqwer1/myobjects63
2017-11-13 11:28:00,371 [INFO] [NoneStorage] - performing PUT at /s3testqwer1/myobjects44
2017-11-13 11:28:01,517 [INFO] [NoneStorage] - performing PUT at /s3testqwer1/myobjects139
2017-11-13 11:28:01,565 [INFO] [NoneStorage] - performing PUT at /s3testqwer1/myobjects25
2017-11-13 11:28:05,387 [INFO] [NoneStorage] - performing PUT at /s3testqwer1/myobjects197
2017-11-13 11:28:05,848 [INFO] [NoneStorage] - performing PUT at /s3testqwer1/myobjects159
2017-11-13 11:28:06,320 [INFO] [NoneStorage] - performing PUT at /s3testqwer1/myobjects216
2017-11-13 11:28:08,219 [INFO] [NoneStorage] - performing PUT at /s3testqwer1/myobjects83
2017-11-13 11:28:10,794 [INFO] [NoneStorage] - performing PUT at /s3testqwer1/myobjects102
2017-11-13 11:28:11,537 [INFO] [NoneStorage] - performing PUT at /s3testqwer1/myobjects253
2017-11-13 11:28:11,950 [INFO] [NoneStorage] - performing PUT at /s3testqwer1/myobjects271
2017-11-13 11:28:12,792 [INFO] [NoneStorage] - performing PUT at /s3testqwer1/myobjects7
2017-11-13 11:28:13,329 [INFO] [NoneStorage] - performing PUT at /s3testqwer1/myobjects289
2017-11-13 11:28:13,413 [INFO] [NoneStorage] - performing PUT at /s3testqwer1/myobjects45
2017-11-13 11:28:14,043 [INFO] [NoneStorage] - performing PUT at /s3testqwer1/myobjects235
2017-11-13 11:28:14,199 [INFO] [NoneStorage] - performing PUT at /s3testqwer1/myobjects178
2017-11-13 11:28:16,252 [INFO] [NoneStorage] - performing PUT at /s3testqwer1/myobjects64
2017-11-13 11:28:16,356 [INFO] [NoneStorage] - performing PUT at /s3testqwer1/myobjects121
2017-11-13 11:28:17,905 [INFO] [NoneStorage] - performing PUT at /s3testqwer1/myobjects26
2017-11-13 11:28:20,210 [INFO] [NoneStorage] - performing PUT at /s3testqwer1/myobjects140
2017-11-13 11:28:22,540 [INFO] [NoneStorage] - performing PUT at /s3testqwer1/myobjects84
2017-11-13 11:28:23,358 [INFO] [NoneStorage] - performing PUT at /s3testqwer1/myobjects160
2017-11-13 11:28:24,061 [INFO] [NoneStorage] - performing PUT at /s3testqwer1/myobjects198
2017-11-13 11:28:24,453 [INFO] [NoneStorage] - performing PUT at /s3testqwer1/myobjects103
2017-11-13 11:28:24,881 [INFO] [NoneStorage] - performing PUT at /s3testqwer1/myobjects272
2017-11-13 11:28:26,108 [INFO] [NoneStorage] - performing PUT at /s3testqwer1/myobjects217
2017-11-13 11:28:26,489 [INFO] [NoneStorage] - performing PUT at /s3testqwer1/myobjects290
2017-11-13 11:28:28,152 [INFO] [NoneStorage] - performing PUT at /s3testqwer1/myobjects254
2017-11-13 11:28:28,429 [INFO] [NoneStorage] - performing PUT at /s3testqwer1/myobjects236
2017-11-13 11:28:29,170 [INFO] [NoneStorage] - performing PUT at /s3testqwer1/myobjects46
2017-11-13 11:28:29,825 [INFO] [NoneStorage] - performing PUT at /s3testqwer1/myobjects8
2017-11-13 11:28:32,471 [INFO] [NoneStorage] - performing PUT at /s3testqwer1/myobjects179
2017-11-13 11:28:33,406 [INFO] [NoneStorage] - performing PUT at /s3testqwer1/myobjects122
2017-11-13 11:28:33,885 [INFO] [NoneStorage] - performing PUT at /s3testqwer1/myobjects104
2017-11-13 11:28:34,410 [INFO] [NoneStorage] - performing PUT at /s3testqwer1/myobjects141
2017-11-13 11:28:34,982 [INFO] [NoneStorage] - performing PUT at /s3testqwer1/myobjects65
2017-11-13 11:28:35,261 [INFO] [NoneStorage] - performing PUT at /s3testqwer1/myobjects27
2017-11-13 11:28:36,913 [INFO] [NoneStorage] - performing PUT at /s3testqwer1/myobjects273
2017-11-13 11:28:37,608 [INFO] [NoneStorage] - performing PUT at /s3testqwer1/myobjects85
2017-11-13 11:28:39,914 [INFO] [NoneStorage] - performing PUT at /s3testqwer1/myobjects161
2017-11-13 11:28:40,508 [INFO] [NoneStorage] - performing PUT at /s3testqwer1/myobjects199
2017-11-13 11:28:40,813 [INFO] [NoneStorage] - performing PUT at /s3testqwer1/myobjects237
2017-11-13 11:28:41,525 [INFO] [NoneStorage] - performing PUT at /s3testqwer1/myobjects218
2017-11-13 11:28:43,789 [INFO] [NoneStorage] - performing PUT at /s3testqwer1/myobjects291
2017-11-13 11:28:44,994 [INFO] [NoneStorage] - performing PUT at /s3testqwer1/myobjects255
2017-11-13 11:28:45,639 [INFO] [NoneStorage] - performing PUT at /s3testqwer1/myobjects47
2017-11-13 11:28:46,674 [INFO] [NoneStorage] - performing PUT at /s3testqwer1/myobjects123
2017-11-13 11:28:49,193 [INFO] [NoneStorage] - performing PUT at /s3testqwer1/myobjects9
2017-11-13 11:28:52,480 [INFO] [NoneStorage] - performing PUT at /s3testqwer1/myobjects180
2017-11-13 11:28:52,990 [INFO] [NoneStorage] - performing PUT at /s3testqwer1/myobjects142
2017-11-13 11:28:53,924 [INFO] [NoneStorage] - performing PUT at /s3testqwer1/myobjects28
2017-11-13 11:28:54,518 [INFO] [NoneStorage] - performing PUT at /s3testqwer1/myobjects66
2017-11-13 11:28:55,371 [INFO] [NoneStorage] - performing PUT at /s3testqwer1/myobjects200
2017-11-13 11:28:55,694 [INFO] [NoneStorage] - performing PUT at /s3testqwer1/myobjects105
2017-11-13 11:28:58,085 [INFO] [NoneStorage] - performing PUT at /s3testqwer1/myobjects274
2017-11-13 11:28:58,170 [INFO] [NoneStorage] - performing PUT at /s3testqwer1/myobjects238
2017-11-13 11:28:59,330 [INFO] [NoneStorage] - performing PUT at /s3testqwer1/myobjects162
2017-11-13 11:28:59,525 [INFO] [NoneStorage] - performing PUT at /s3testqwer1/myobjects86
2017-11-13 11:29:00,638 [INFO] [NoneStorage] - performing PUT at /s3testqwer1/myobjects219
2017-11-13 11:29:03,785 [INFO] [NoneStorage] - performing PUT at /s3testqwer1/myobjects256
2017-11-13 11:29:04,756 [INFO] [NoneStorage] - performing PUT at /s3testqwer1/myobjects48
2017-11-13 11:29:05,106 [INFO] [NoneStorage] - performing PUT at /s3testqwer1/myobjects292
2017-11-13 11:29:06,011 [INFO] [NoneStorage] - performing PUT at /s3testqwer1/myobjects124
2017-11-13 11:29:07,814 [INFO] [NoneStorage] - performing PUT at /s3testqwer1/myobjects181
2017-11-13 11:29:08,271 [INFO] [NoneStorage] - performing PUT at /s3testqwer1/myobjects67
2017-11-13 11:29:08,409 [INFO] [NoneStorage] - performing PUT at /s3testqwer1/myobjects201
2017-11-13 11:29:08,711 [INFO] [NoneStorage] - performing PUT at /s3testqwer1/myobjects143
2017-11-13 11:29:09,629 [INFO] [NoneStorage] - performing PUT at /s3testqwer1/myobjects10
2017-11-13 11:29:09,768 [INFO] [NoneStorage] - performing PUT at /s3testqwer1/myobjects29
2017-11-13 11:29:10,002 [INFO] [NoneStorage] - performing PUT at /s3testqwer1/myobjects106
2017-11-13 11:29:13,405 [INFO] [NoneStorage] - performing PUT at /s3testqwer1/myobjects87
2017-11-13 11:29:13,840 [INFO] [NoneStorage] - performing PUT at /s3testqwer1/myobjects239
2017-11-13 11:29:16,182 [INFO] [NoneStorage] - performing PUT at /s3testqwer1/myobjects163
2017-11-13 11:29:17,415 [INFO] [NoneStorage] - performing PUT at /s3testqwer1/myobjects275
2017-11-13 11:29:18,615 [INFO] [NoneStorage] - performing PUT at /s3testqwer1/myobjects220
2017-11-13 11:29:18,906 [INFO] [NoneStorage] - performing PUT at /s3testqwer1/myobjects257
2017-11-13 11:29:19,948 [INFO] [NoneStorage] - performing PUT at /s3testqwer1/myobjects202
2017-11-13 11:29:21,502 [INFO] [NoneStorage] - performing PUT at /s3testqwer1/myobjects11
2017-11-13 11:29:22,215 [INFO] [NoneStorage] - performing PUT at /s3testqwer1/myobjects293
2017-11-13 11:29:22,529 [INFO] [NoneStorage] - performing PUT at /s3testqwer1/myobjects68
2017-11-13 11:29:22,825 [INFO] [NoneStorage] - performing PUT at /s3testqwer1/myobjects49
2017-11-13 11:29:24,092 [INFO] [NoneStorage] - performing PUT at /s3testqwer1/myobjects125
2017-11-13 11:29:24,759 [INFO] [NoneStorage] - performing PUT at /s3testqwer1/myobjects182
2017-11-13 11:29:25,214 [INFO] [NoneStorage] - performing PUT at /s3testqwer1/myobjects30
2017-11-13 11:29:27,565 [INFO] [NoneStorage] - performing PUT at /s3testqwer1/myobjects144
2017-11-13 11:29:28,116 [INFO] [NoneStorage] - performing PUT at /s3testqwer1/myobjects164
2017-11-13 11:29:29,197 [INFO] [NoneStorage] - performing PUT at /s3testqwer1/myobjects240
2017-11-13 11:29:30,450 [INFO] [NoneStorage] - performing PUT at /s3testqwer1/myobjects88
2017-11-13 11:29:30,478 [INFO] [NoneStorage] - performing PUT at /s3testqwer1/myobjects107
2017-11-13 11:29:32,118 [INFO] [NoneStorage] - performing PUT at /s3testqwer1/myobjects258
2017-11-13 11:29:33,428 [INFO] [NoneStorage] - performing PUT at /s3testqwer1/myobjects276
2017-11-13 11:29:34,586 [INFO] [NoneStorage] - performing PUT at /s3testqwer1/myobjects203
2017-11-13 11:29:35,523 [INFO] [NoneStorage] - performing PUT at /s3testqwer1/myobjects12
2017-11-13 11:29:37,503 [INFO] [NoneStorage] - performing PUT at /s3testqwer1/myobjects69
2017-11-13 11:29:37,605 [INFO] [NoneStorage] - performing PUT at /s3testqwer1/myobjects221
2017-11-13 11:29:38,218 [INFO] [NoneStorage] - performing PUT at /s3testqwer1/myobjects294
2017-11-13 11:29:39,267 [INFO] [NoneStorage] - performing PUT at /s3testqwer1/myobjects241
2017-11-13 11:29:40,148 [INFO] [NoneStorage] - performing PUT at /s3testqwer1/myobjects183
2017-11-13 11:29:40,383 [INFO] [NoneStorage] - performing PUT at /s3testqwer1/myobjects165
2017-11-13 11:29:40,717 [INFO] [NoneStorage] - performing PUT at /s3testqwer1/myobjects126
2017-11-13 11:29:43,532 [INFO] [NoneStorage] - performing PUT at /s3testqwer1/myobjects31
2017-11-13 11:29:43,613 [INFO] [NoneStorage] - performing PUT at /s3testqwer1/myobjects50
2017-11-13 11:29:43,945 [INFO] [NoneStorage] - performing PUT at /s3testqwer1/myobjects89
2017-11-13 11:29:44,431 [INFO] [NoneStorage] - performing PUT at /s3testqwer1/myobjects145
2017-11-13 11:29:47,221 [INFO] [NoneStorage] - performing PUT at /s3testqwer1/myobjects259
2017-11-13 11:29:47,614 [INFO] [NoneStorage] - performing PUT at /s3testqwer1/myobjects108
2017-11-13 11:29:50,545 [INFO] [NoneStorage] - performing PUT at /s3testqwer1/myobjects295
2017-11-13 11:29:50,894 [INFO] [NoneStorage] - performing PUT at /s3testqwer1/myobjects277
2017-11-13 11:29:51,631 [INFO] [NoneStorage] - performing PUT at /s3testqwer1/myobjects222
2017-11-13 11:29:52,916 [INFO] [NoneStorage] - performing PUT at /s3testqwer1/myobjects204
2017-11-13 11:29:53,351 [INFO] [NoneStorage] - performing PUT at /s3testqwer1/myobjects70
2017-11-13 11:29:54,124 [INFO] [NoneStorage] - performing PUT at /s3testqwer1/myobjects242
2017-11-13 11:29:54,129 [INFO] [NoneStorage] - performing PUT at /s3testqwer1/myobjects13
2017-11-13 11:29:56,854 [INFO] [NoneStorage] - performing PUT at /s3testqwer1/myobjects184
2017-11-13 11:29:57,501 [INFO] [NoneStorage] - performing PUT at /s3testqwer1/myobjects166
2017-11-13 11:29:58,323 [INFO] [NoneStorage] - performing PUT at /s3testqwer1/myobjects127
2017-11-13 11:29:58,440 [INFO] [NoneStorage] - performing PUT at /s3testqwer1/myobjects90
2017-11-13 11:29:59,282 [INFO] [NoneStorage] - performing PUT at /s3testqwer1/myobjects146
2017-11-13 11:29:59,854 [INFO] [NoneStorage] - performing PUT at /s3testqwer1/myobjects32
2017-11-13 11:30:00,267 [INFO] [NoneStorage] - performing PUT at /s3testqwer1/myobjects51
2017-11-13 11:30:01,586 [INFO] [NoneStorage] - performing PUT at /s3testqwer1/myobjects260
2017-11-13 11:30:03,740 [INFO] [NoneStorage] - performing PUT at /s3testqwer1/myobjects109
2017-11-13 11:30:04,809 [INFO] [NoneStorage] - performing PUT at /s3testqwer1/myobjects278
2017-11-13 11:30:04,862 [INFO] [NoneStorage] - performing PUT at /s3testqwer1/myobjects243
2017-11-13 11:30:07,204 [INFO] [NoneStorage] - performing PUT at /s3testqwer1/myobjects71
2017-11-13 11:30:07,617 [INFO] [NoneStorage] - performing PUT at /s3testqwer1/myobjects296
2017-11-13 11:30:08,442 [INFO] [NoneStorage] - performing PUT at /s3testqwer1/myobjects223
2017-11-13 11:30:08,778 [INFO] [NoneStorage] - performing PUT at /s3testqwer1/myobjects14
2017-11-13 11:30:08,909 [INFO] [NoneStorage] - performing PUT at /s3testqwer1/myobjects205
2017-11-13 11:30:11,773 [INFO] [NoneStorage] - performing PUT at /s3testqwer1/myobjects91
2017-11-13 11:30:12,308 [INFO] [NoneStorage] - performing PUT at /s3testqwer1/myobjects33
2017-11-13 11:30:13,899 [INFO] [NoneStorage] - performing PUT at /s3testqwer1/myobjects185
2017-11-13 11:30:14,922 [INFO] [NoneStorage] - performing PUT at /s3testqwer1/myobjects167
2017-11-13 11:30:15,100 [INFO] [NoneStorage] - performing PUT at /s3testqwer1/myobjects128
2017-11-13 11:30:16,303 [INFO] [NoneStorage] - performing PUT at /s3testqwer1/myobjects147
2017-11-13 11:30:16,772 [INFO] [NoneStorage] - performing PUT at /s3testqwer1/myobjects52
2017-11-13 11:30:19,455 [INFO] [NoneStorage] - performing PUT at /s3testqwer1/myobjects244
2017-11-13 11:30:19,620 [INFO] [NoneStorage] - performing PUT at /s3testqwer1/myobjects110
2017-11-13 11:30:20,120 [WARN] [S3Storage] - below exception encountered when creating object myobjects110 at s3testqwer1: 
2017-11-13 11:30:20,126 [WARN] [S3Storage] - below exception encountered when creating object myobjects244 at s3testqwer1: 
2017-11-13 11:30:20,126 [INFO] [NoneStorage] - performing PUT at /s3testqwer1/myobjects111
2017-11-13 11:30:20,127 [WARN] [S3Storage] - below exception encountered when creating object myobjects296 at s3testqwer1: 
2017-11-13 11:30:20,134 [INFO] [NoneStorage] - performing PUT at /s3testqwer1/myobjects297
2017-11-13 11:30:20,134 [INFO] [NoneStorage] - performing PUT at /s3testqwer1/myobjects245
2017-11-13 11:30:20,143 [WARN] [S3Storage] - below exception encountered when creating object myobjects147 at s3testqwer1: 
2017-11-13 11:30:20,150 [INFO] [NoneStorage] - performing PUT at /s3testqwer1/myobjects148
2017-11-13 11:30:20,155 [WARN] [S3Storage] - below exception encountered when creating object myobjects223 at s3testqwer1: 
2017-11-13 11:30:20,161 [INFO] [NoneStorage] - performing PUT at /s3testqwer1/myobjects224
2017-11-13 11:30:20,161 [WARN] [S3Storage] - below exception encountered when creating object myobjects205 at s3testqwer1: 
2017-11-13 11:30:20,168 [INFO] [NoneStorage] - performing PUT at /s3testqwer1/myobjects206
2017-11-13 11:30:20,181 [WARN] [S3Storage] - below exception encountered when creating object myobjects33 at s3testqwer1: 
2017-11-13 11:30:20,187 [INFO] [NoneStorage] - performing PUT at /s3testqwer1/myobjects34
2017-11-13 11:30:20,248 [WARN] [S3Storage] - below exception encountered when creating object myobjects167 at s3testqwer1: 
2017-11-13 11:30:20,255 [INFO] [NoneStorage] - performing PUT at /s3testqwer1/myobjects168
2017-11-13 11:30:20,270 [WARN] [S3Storage] - below exception encountered when creating object myobjects52 at s3testqwer1: 
2017-11-13 11:30:20,273 [WARN] [S3Storage] - below exception encountered when creating object myobjects71 at s3testqwer1: 
2017-11-13 11:30:20,279 [INFO] [NoneStorage] - performing PUT at /s3testqwer1/myobjects53
2017-11-13 11:30:20,281 [INFO] [NoneStorage] - performing PUT at /s3testqwer1/myobjects72
2017-11-13 11:30:20,292 [WARN] [S3Storage] - below exception encountered when creating object myobjects91 at s3testqwer1: 
2017-11-13 11:30:20,298 [INFO] [NoneStorage] - performing PUT at /s3testqwer1/myobjects92
2017-11-13 11:30:20,316 [WARN] [S3Storage] - below exception encountered when creating object myobjects128 at s3testqwer1: 
================================================== stage: s3-main-1worker ==================================================
================================================== stage: s4-main-4workers ==================================================
================================================== stage: s5-main-8workers ==================================================
================================================== stage: s6-main-16workers ==================================================
================================================== stage: s7-main-32workers ==================================================
================================================== stage: s8-main-64workers ==================================================
================================================== stage: s9-main-128workers ==================================================
================================================== stage: s10-main-256workers ==================================================
================================================== stage: s11-main-512workers ==================================================
================================================== stage: s12-cleanup ==================================================
================================================== stage: s13-dispose ==================================================
