Time:2017-11-08 13:41:13
Duration(s):60
BlockSize(MB):16M
hints = 1
  sec Cur ops   started  finished  avg MB/s  cur MB/s last lat(s)  avg lat(s)
    0       0         0         0         0         0           -           0
    1      10        10         0         0         0           -           0
    2      15        17         2   15.9971        16      1.8391      1.7053
    3      15        23         8   42.6599        96     2.29233     2.14552
    4      15        30        15    59.991       112     2.38824      2.1787
    5      15        37        22   70.3897       112     2.36186     2.20311
    6      15        45        30   79.9886       128     1.92136     2.25683
    7      15        51        36   82.2739        96     2.10748     2.24931
    8      15        57        42   83.9882        96     2.68982     2.33331
    9      15        64        49   87.0991       112     2.10887     2.30639
   10      15        71        56   89.5873       112     1.95207     2.26687
   11      15        79        64    93.078       128     2.22823     2.33198
   12      15        85        70   93.3205        96     1.89745        2.32
   13      15        92        77   94.7561       112     2.37167     2.33823
   14      15        97        82   93.7015        80     2.28343     2.34213
   15      15       103        88   93.8539        96     2.77425     2.36131
   16      15       111        96   95.9869       128     2.35292     2.36204
   17      15       119       104   97.8691       128     1.98662     2.35005
   18      15       124       109   96.8758        80     2.32206     2.34501
   19      15       132       117   98.5131       128     2.27733     2.34359
2017-11-08 13:42:36.184651 min lat: 1.57149 max lat: 4.61447 avg lat: 2.35899
  sec Cur ops   started  finished  avg MB/s  cur MB/s last lat(s)  avg lat(s)
   20      15       139       124   99.1867       112     2.25539     2.35899
   21      15       144       129   98.2724        80     2.45906     2.35747
   22      15       153       138    100.35       144     2.15092     2.35723
   23      15       160       145   100.856       112     2.07718     2.35113
   24      15       166       151   100.646        96     2.49876     2.34461
   25      15       172       157    100.46        96     2.76997     2.35271
   26      15       179       164   100.903       112     2.47274     2.35816
   27      15       187       172   101.906       128     2.07743     2.35356
   28      15       193       178   101.695        96     2.37188     2.35626
   29      15       200       185    102.05       112     2.25474     2.35687
   30      15       207       192   102.381       112     2.28261     2.35425
   31      15       213       198   102.175        96     2.27578      2.3539
   32      15       218       203   101.481        80      2.2509     2.35432
   33      15       226       211   102.284       128     4.53852     2.36301
   34      15       233       218    102.57       112     2.39244     2.36244
   35      15       238       223   101.925        80     2.60199      2.3626
   36      15       247       232   103.093       144     2.23713     2.36214
   37      15       254       239   103.333       112     2.05609     2.36038
   38      15       259       244   102.719        80      2.2655     2.36008
   39      15       266       251   102.956       112      2.3696     2.36108
2017-11-08 13:42:56.188825 min lat: 1.57149 max lat: 4.61447 avg lat: 2.36274
  sec Cur ops   started  finished  avg MB/s  cur MB/s last lat(s)  avg lat(s)
   40      15       272       257   102.782        96     2.26727     2.36274
   41      15       281       266   103.787       144     2.30488     2.35972
   42      15       286       271   103.221        80     2.34857     2.35842
   43      15       294       279   103.796       128     2.56172     2.36149
   44      15       300       285   103.619        96     2.22202     2.36027
   45      15       307       292   103.805       112     2.40834     2.35881
   46      15       314       299   103.983       112      2.3973     2.35983
   47      15       321       306   104.153       112      2.4167      2.3618
   48      15       328       313   104.316       112     2.12783     2.36049
   49      15       334       319   104.146        96     2.31849     2.35985
   50      15       341       326   104.303       112       2.342     2.35927
   51      15       348       333   104.454       112     2.45563     2.36176
   52      15       356       341   104.906       128     2.10175     2.35812
   53      15       362       347   104.738        96     2.19328     2.35693
   54      15       368       353   104.576        96     2.53716     2.35724
   55      15       375       360    104.71       112      2.1122     2.35862
   56      15       383       368   105.126       128     2.27801     2.35916
   57      15       389       374   104.966        96     2.26104     2.35611
   58      15       395       380   104.811        96     2.37701     2.35663
   59      15       402       387   104.933       112     2.62307     2.35823
2017-11-08 13:43:16.191469 min lat: 1.57149 max lat: 4.61447 avg lat: 2.35882
  sec Cur ops   started  finished  avg MB/s  cur MB/s last lat(s)  avg lat(s)
   60      15       408       393   104.783        96     2.40634     2.35882
Total time run:       60.569920
Total reads made:     409
Read size:            16777216
Object size:          16777216
Bandwidth (MB/sec):   108.04
Average IOPS:         6
Stddev IOPS:          1
Max IOPS:             9
Min IOPS:             0
Average Latency(s):   2.33504
Max latency(s):       4.61447
Min latency(s):       0.57876
