Time:2017-11-08 13:43:17
Duration(s):60
BlockSize(MB):32M
hints = 1
  sec Cur ops   started  finished  avg MB/s  cur MB/s last lat(s)  avg lat(s)
    0       0         0         0         0         0           -           0
    1       5         5         0         0         0           -           0
    2       8         8         0         0         0           -           0
    3      11        11         0         0         0           -           0
    4      14        14         0         0         0           -           0
    5      15        17         2   12.7981      12.8     4.78417     4.66375
    6      15        19         4   21.3303        64     5.45142     4.96787
    7      15        23         8   36.5664       128     5.10318     5.11883
    8      15        27        12   47.9933       128     5.09789     5.08787
    9      15        29        14    49.771        64     4.93472     5.07054
   10      15        33        18   57.5921       128     4.96282     5.04535
   11      15        36        21   61.0826        96     4.48161     5.01073
   12      15        41        26   69.3239       160     4.67547     4.98811
   13      15        43        28   68.9139        64     4.86919     4.98797
   14      15        46        31   70.8478        96     4.48327     4.96359
   15      15        49        34   72.5239        96      4.8284     4.94479
   16      15        53        38   75.9902       128     4.68863     4.94802
   17      15        56        41   77.1665        96     4.95149     4.93727
   18      15        60        45   79.9898       128     4.68851     4.93788
   19      15        63        48   80.8318        96     4.84711     4.94697
2017-11-08 13:44:40.277635 min lat: 4.47006 max lat: 5.45142 avg lat: 4.94845
  sec Cur ops   started  finished  avg MB/s  cur MB/s last lat(s)  avg lat(s)
   20      15        66        51   81.5897        96     4.69526     4.94845
   21      15        69        54   82.2753        96     4.92955     4.93887
   22      15        72        57   82.8985        96      4.8311     4.93773
   23      15        76        61   84.8588       128     4.80055     4.92771
   24      15        79        64   85.3225        96     4.87695     4.92165
   25      15        83        68    87.029       128     4.83381     4.91514
   26      15        85        70    86.143        64     4.64249     4.91186
   27      15        89        74   87.6927       128     4.59587     4.90571
   28      15        93        78   89.1317       128     4.70122     4.90141
   29      15        96        81   89.3681        96     4.60673     4.89231
   30      15        98        83   88.5223        64     4.68942     4.88569
   31      15       103        88   90.8274       160     4.90215     4.88395
   32      15       106        91   90.9886        96     4.75455     4.88043
   33      15       110        95   92.1098       128     4.80558     4.88551
   34      15       113        98   92.2238        96     4.78074      4.8884
   35      15       116       101   92.3313        96      4.8033     4.88662
   36      15       120       105   93.3216       128     4.50487     4.88008
   37      15       122       107   92.5289        64      4.5565     4.87786
   38      15       126       111   93.4618       128      4.8101     4.87079
   39      15       129       114   93.5266        96     4.84712     4.86364
2017-11-08 13:45:00.280159 min lat: 4.33513 max lat: 5.45142 avg lat: 4.85503
  sec Cur ops   started  finished  avg MB/s  cur MB/s last lat(s)  avg lat(s)
   40      15       133       118   94.3881       128     4.74521     4.85503
   41      15       137       122   95.2073       128     4.60082     4.85021
   42      15       140       125    95.226        96     4.61206     4.84697
   43      15       144       129   95.9878       128     4.68086     4.84567
   44      15       146       131   95.2606        64     4.73083     4.84505
   45      15       150       135   95.9878       128     4.71406      4.8425
   46      15       153       138   95.9877        96     4.81349     4.84241
   47      15       157       142   96.6684       128     4.51641     4.83959
   48      15       159       144   95.9877        64     4.89093     4.83995
   49      15       163       148   96.6407       128     4.89971     4.83978
   50      15       166       151   96.6277        96     4.77729     4.84013
   51      15       169       154   96.6151        96     4.65571     4.84099
   52      15       172       157   96.6031        96     4.45926     4.83965
   53      15       177       162   97.7989       160     4.64183     4.83719
   54      15       180       165   97.7654        96     4.87734     4.84063
   55      15       183       168   97.7331        96     4.48626     4.83989
   56      15       186       171   97.7019        96     4.71135     4.83971
   57      15       189       174   97.6718        96     4.66484     4.83904
   58      15       193       178   98.1944       128     4.87144     4.84069
   59      15       196       181   98.1571        96     4.95046     4.83907
2017-11-08 13:45:20.282687 min lat: 4.33513 max lat: 5.45142 avg lat: 4.83746
  sec Cur ops   started  finished  avg MB/s  cur MB/s last lat(s)  avg lat(s)
   60      15       200       185   98.6542       128     4.67786     4.83746
   61       2       201       199    104.38       448    0.854385     4.69908
Total time run:       61.098669
Total reads made:     201
Read size:            33554432
Object size:          33554432
Bandwidth (MB/sec):   105.272
Average IOPS:         3
Stddev IOPS:          1
Max IOPS:             14
Min IOPS:             0
Average Latency(s):   4.66424
Max latency(s):       5.45142
Min latency(s):       0.854385
