Time:2017-11-08 13:37:05
Duration(s):60
BlockSize(MB):4M
hints = 1
  sec Cur ops   started  finished  avg MB/s  cur MB/s last lat(s)  avg lat(s)
    0       0         0         0         0         0           -           0
    1      16        37        21   83.9852        84    0.228279    0.342206
    2      15        66        51   101.981       120    0.140041    0.512468
    3      16        93        77   102.649       104    0.467822    0.499913
    4      16       121       105   104.983       112    0.888395    0.518527
    5      16       145       129   103.184        96    0.809674    0.538083
    6      16       172       156   103.984       108    0.182918    0.531051
    7      16       199       183   104.556       108     0.36087      0.5241
    8      16       225       209   104.484       104     1.18901    0.555399
    9      16       252       236   104.873       108    0.701547    0.550137
   10      16       279       263   105.185       108    0.861174    0.575012
   11      16       307       291   105.803       112     0.27053    0.576951
   12      16       333       317   105.652       104    0.141697    0.584432
   13      16       362       346   106.447       116    0.376732    0.581997
   14      16       388       372   106.271       104   0.0820303    0.580042
   15      16       418       402   107.186       120     1.49362    0.581371
   16      16       443       427   106.736       100    0.706039    0.578372
   17      16       471       455   107.045       112   0.0709881    0.576891
   18      16       496       480   106.653       100    0.146756     0.58114
   19      16       524       508   106.933       112     1.22504    0.585672
2017-11-08 13:38:27.744788 min lat: 0.0623799 max lat: 3.92521 avg lat: 0.580888
  sec Cur ops   started  finished  avg MB/s  cur MB/s last lat(s)  avg lat(s)
   20      16       549       533   106.586       100    0.153333    0.580888
   21      16       579       563   107.224       120      1.5922      0.5886
   22      16       604       588   106.895       100    0.499916    0.586939
   23      16       633       617    107.29       116     1.20849    0.583165
   24      16       660       644   107.319       108    0.744136    0.582367
   25      16       689       673   107.666       116    0.623269    0.583929
   26      16       714       698   107.371       100    0.775702    0.581291
   27      16       741       725   107.394       108    0.145558    0.584396
   28      16       771       755   107.843       120     1.22232    0.583337
   29      16       799       783   107.986       112     2.76939    0.583863
   30      16       823       807   107.586        96    0.469336    0.583618
   31      16       852       836   107.857       116    0.132731    0.584013
   32      16       879       863   107.861       108    0.477965    0.585969
   33      16       909       893   108.228       120     1.40522    0.581808
   34      16       935       919   108.104       104     1.77112    0.584361
   35      16       961       945   107.986       104    0.553927    0.581449
   36      16       985       969   107.653        96    0.173811    0.584065
   37      16      1013       997    107.77       112    0.127281    0.584788
   38      15      1040      1025   107.879       112     1.43047    0.583113
   39      16      1069      1053   107.984       112     1.30144     0.58491
2017-11-08 13:38:47.747960 min lat: 0.0623799 max lat: 3.92521 avg lat: 0.58258
  sec Cur ops   started  finished  avg MB/s  cur MB/s last lat(s)  avg lat(s)
   40      16      1096      1080   107.984       108    0.516489     0.58258
   41      16      1125      1109   108.179       116     2.27072    0.582471
   42      16      1151      1135    108.08       104    0.165471    0.582835
   43      16      1181      1165   108.356       120      2.5613    0.581312
   44      16      1205      1189   108.075        96    0.996363    0.584862
   45      16      1233      1217   108.162       112     0.71647    0.582157
   46      16      1258      1242   107.985       100    0.392546    0.584629
   47      16      1285      1269   107.985       108     0.16749    0.585687
   48      16      1313      1297   108.068       112    0.535729    0.586838
   49      16      1342      1326    108.23       116    0.246599    0.585403
   50      16      1371      1355   108.385       116    0.382436    0.584642
   51      16      1396      1380    108.22       100    0.296389     0.58265
   52      16      1423      1407   108.216       108    0.537952    0.585693
   53      16      1451      1435   108.287       112     0.16181    0.583391
   54      16      1477      1461   108.207       104     1.73162    0.583044
   55      16      1504      1488   108.203       108    0.950053     0.58393
   56      16      1531      1515   108.199       108    0.528754    0.585108
   57      16      1557      1541   108.126       104     1.81052    0.586649
   58      16      1585      1569   108.192       112    0.237688    0.584921
   59      16      1615      1599   108.392       120    0.107706    0.584228
2017-11-08 13:39:07.750341 min lat: 0.0623799 max lat: 3.92521 avg lat: 0.5842
  sec Cur ops   started  finished  avg MB/s  cur MB/s last lat(s)  avg lat(s)
   60      16      1640      1624   108.252       100    0.335016      0.5842
Total time run:       60.475957
Total reads made:     1640
Read size:            4194304
Object size:          4194304
Bandwidth (MB/sec):   108.473
Average IOPS:         27
Stddev IOPS:          1
Max IOPS:             30
Min IOPS:             21
Average Latency(s):   0.588458
Max latency(s):       3.92521
Min latency(s):       0.0623799
