Time:2017-11-08 13:45:22
Duration(s):60
BlockSize(MB):64M
hints = 1
Maintaining 16 concurrent writes of 67108864 bytes to objects of size 67108864 for up to 60 seconds or 0 objects
Object prefix: benchmark_data_ceph-res-gw1.fds.rl.ac.uk_53623
  sec Cur ops   started  finished  avg MB/s  cur MB/s last lat(s)  avg lat(s)
    0       0         0         0         0         0           -           0
    1       2         2         0         0         0           -           0
    2       3         3         0         0         0           -           0
    3       4         4         0         0         0           -           0
    4       5         5         0         0         0           -           0
    5       7         7         0         0         0           -           0
    6       8         8         0         0         0           -           0
    7       9         9         0         0         0           -           0
    8      10        10         0         0         0           -           0
    9      12        12         0         0         0           -           0
   10      13        13         0         0         0           -           0
   11      14        14         0         0         0           -           0
   12      15        15         0         0         0           -           0
   13      15        17         2   9.84506   9.84615     12.9379     12.5136
   14      15        18         3   13.7128        64     12.9312     12.6528
   15      15        19         4   17.0648        64     12.9081     12.7166
   16      15        20         5   19.9978        64     12.9176     12.7568
   17      15        22         7     26.35       128     12.9235     12.8054
   18      15        23         8   28.4413        64     12.9526     12.8238
   19      15        24         9   30.3124        64     13.0061      12.844
2017-11-08 13:45:43.981966 min lat: 12.0893 max lat: 13.0061 avg lat: 12.8585
  sec Cur ops   started  finished  avg MB/s  cur MB/s last lat(s)  avg lat(s)
   20      15        25        10   31.9964        64     12.9885     12.8585
   21      15        26        11     33.52        64     12.9761     12.8692
   22      15        28        13   37.8139       128     12.9355     12.8788
   23      15        29        14   38.9521        64     12.8919     12.8797
   24      15        30        15   39.9954        64     12.9197     12.8824
   25      15        32        17    43.515       128     12.8941     12.8855
   26      15        33        18   44.3026        64     12.8939      12.886
   27      15        34        19   45.0319        64     12.9631     12.8901
   28      15        35        20    45.709        64     12.9953     12.8953
   29      15        36        21   46.3394        64     12.9923     12.8999
   30      15        38        23    49.061       128     12.9404     12.9033
   31      15        39        24   49.5426        64     12.9522     12.9053
   32      15        40        25   49.9942        64     12.9487      12.907
   33      15        41        26   50.4184        64     12.9476     12.9086
   34      15        42        27   50.8176        64     12.9794     12.9112
   35      15        44        29   53.0224       128     12.9829     12.9163
   36      15        45        30   53.3271        64      13.046     12.9206
   37      15        46        31   53.6153        64     13.0663     12.9253
   38      15        47        32   53.8884        64     13.0058     12.9278
   39      15        49        34   55.7883       128     13.0122     12.9345
2017-11-08 13:46:03.984397 min lat: 12.0893 max lat: 13.0719 avg lat: 12.9365
  sec Cur ops   started  finished  avg MB/s  cur MB/s last lat(s)  avg lat(s)
   40      15        50        35   55.9934        64     13.0039     12.9365
   41      15        51        36   56.1885        64     12.9572     12.9371
   42      15        52        37   56.3743        64     12.9071     12.9363
   43      15        54        39   58.0396       128     12.8639     12.9337
   44      15        55        40   58.1749        64     12.8644      12.932
   45      15        56        41   58.3042        64     12.8429     12.9298
   46      15        57        42   58.4279        64     12.8597     12.9282
   47      15        59        44   59.9078       128      12.836     12.9237
   48      15        60        45   59.9929        64     12.8334     12.9217
   49      15        61        46   60.0745        64     12.8355     12.9198
   50      15        62        47   60.1529        64     12.8268     12.9178
   51      15        64        49   61.4829       128     12.8713     12.9156
   52      15        65        50   61.5312        64     12.8723     12.9147
   53      15        66        51   61.5776        64     12.8481     12.9134
   54      15        67        52   61.6223        64      12.882     12.9128
   55      15        69        54   62.8289       128     12.9249     12.9125
   56      15        70        55   62.8497        64      12.978     12.9137
   57      15        71        56   62.8697        64     12.9369     12.9141
   58      15        72        57   62.8891        64     12.9183     12.9142
   59      15        74        59   63.9924       128     12.8951      12.914
2017-11-08 13:46:23.986862 min lat: 12.0893 max lat: 13.0719 avg lat: 12.9139
  sec Cur ops   started  finished  avg MB/s  cur MB/s last lat(s)  avg lat(s)
   60      15        75        60   63.9924        64     12.9102     12.9139
   61       1        76        75   78.6791       960     1.61783     11.7777
Total time run:         61.312555
Total writes made:      76
Write size:             67108864
Object size:            67108864
Bandwidth (MB/sec):     79.3312
Stddev Bandwidth:       121.795
Max bandwidth (MB/sec): 960
Min bandwidth (MB/sec): 0
Average IOPS:           1
Stddev IOPS:            1
Max IOPS:               15
Min IOPS:               0
Average Latency(s):     11.6432
Stddev Latency(s):      2.99472
Max latency(s):         13.0719
Min latency(s):         1.55241
