Time:2017-11-08 13:35:01
Duration(s):60
BlockSize(MB):2M
hints = 1
Maintaining 16 concurrent writes of 2097152 bytes to objects of size 2097152 for up to 60 seconds or 0 objects
Object prefix: benchmark_data_ceph-res-gw1.fds.rl.ac.uk_52600
  sec Cur ops   started  finished  avg MB/s  cur MB/s last lat(s)  avg lat(s)
    0       0         0         0         0         0           -           0
    1      16        66        50   99.9948       100    0.258516    0.280911
    2      16       121       105   104.989       110     0.21943    0.277455
    3      16       178       162   107.989       114     0.23923    0.281936
    4      16       234       218   108.989       112    0.543491    0.283659
    5      16       289       273   109.188       110    0.327368    0.282317
    6      16       345       329   109.655       112    0.362021    0.282753
    7      16       400       384   109.702       110    0.223195    0.284115
    8      16       457       441   110.238       114    0.451679    0.284285
    9      16       517       501   111.321       120    0.230225    0.283894
   10      16       571       555   110.988       108    0.240505     0.28359
   11      16       625       609   110.715       108    0.449025    0.284541
   12      16       684       668    111.32       118     0.24387    0.283777
   13      16       741       725   111.526       114     0.21046    0.284226
   14      16       795       779   111.273       108    0.260875    0.284726
   15      16       850       834   111.187       110    0.393328     0.28433
   16      16       909       893   111.612       118    0.233009    0.285007
   17      16       964       948   111.517       110    0.236567    0.284886
   18      16      1019      1003   111.432       110    0.369472     0.28479
   19      16      1074      1058   111.356       110    0.131525     0.28461
2017-11-08 13:35:21.811059 min lat: 0.11688 max lat: 0.836374 avg lat: 0.284986
  sec Cur ops   started  finished  avg MB/s  cur MB/s last lat(s)  avg lat(s)
   20      16      1130      1114   111.387       112     0.39448    0.284986
   21      16      1188      1172   111.606       116    0.242231    0.285045
   22      16      1244      1228   111.623       112    0.245925    0.284796
   23      16      1299      1283   111.552       110     0.25224    0.284978
   24      16      1356      1340   111.654       114    0.260327    0.284909
   25      16      1410      1394   111.507       108    0.415012    0.285036
   26      16      1467      1451   111.603       114    0.253367    0.284548
   27      16      1524      1508   111.691       114    0.246334    0.285216
   28      16      1578      1562   111.559       108    0.278312    0.285101
   29      16      1636      1620   111.711       116    0.457081    0.284886
   30      16      1694      1678   111.854       116    0.169136    0.284966
   31      16      1750      1734   111.858       112     0.14405    0.284601
   32      16      1805      1789     111.8       110    0.270745    0.284931
   33      16      1862      1846   111.866       114    0.139883      0.2849
   34      16      1917      1901   111.811       110    0.159877    0.284873
   35      16      1974      1958   111.873       114    0.251675    0.284803
   36      16      2028      2012   111.765       108    0.260818    0.285089
   37      16      2085      2069   111.825       114     0.22529    0.285015
   38      16      2140      2124   111.777       110    0.164534    0.285035
   39      16      2198      2182   111.885       116    0.252038    0.284948
2017-11-08 13:35:41.813287 min lat: 0.11688 max lat: 0.958422 avg lat: 0.285106
  sec Cur ops   started  finished  avg MB/s  cur MB/s last lat(s)  avg lat(s)
   40      16      2254      2238   111.887       112    0.339763    0.285106
   41      16      2308      2292   111.792       108    0.221671    0.285128
   42      16      2364      2348   111.795       112    0.267771    0.285139
   43      16      2420      2404   111.799       112    0.270216    0.285118
   44      16      2477      2461   111.849       114    0.273175    0.285192
   45      16      2534      2518   111.897       114      0.2656    0.285033
   46      16      2587      2571   111.768       106    0.259831    0.285041
   47      16      2647      2631   111.943       120    0.175638    0.285033
   48      16      2702      2686   111.902       110     0.52708    0.285085
   49      16      2759      2743   111.945       114    0.263059    0.285032
   50      16      2814      2798   111.906       110    0.297458    0.285052
   51      16      2868      2852   111.829       108    0.304996    0.285134
   52      16      2925      2909    111.87       114    0.512859     0.28503
   53      16      2984      2968   111.986       118    0.144969    0.285069
   54      16      3040      3024   111.986       112    0.269258    0.285085
   55      16      3094      3078   111.913       108    0.277759    0.285223
   56      16      3150      3134   111.914       112    0.210402    0.285031
   57      16      3208      3192   111.986       116    0.133355    0.284996
   58      16      3264      3248   111.986       112    0.341513     0.28507
   59      16      3318      3302   111.918       108    0.321432     0.28509
2017-11-08 13:36:01.816293 min lat: 0.11688 max lat: 0.958422 avg lat: 0.285127
  sec Cur ops   started  finished  avg MB/s  cur MB/s last lat(s)  avg lat(s)
   60      16      3374      3358   111.919       112     0.25056    0.285127
Total time run:         60.185822
Total writes made:      3375
Write size:             2097152
Object size:            2097152
Bandwidth (MB/sec):     112.153
Stddev Bandwidth:       3.58843
Max bandwidth (MB/sec): 120
Min bandwidth (MB/sec): 100
Average IOPS:           56
Stddev IOPS:            2
Max IOPS:               60
Min IOPS:               50
Average Latency(s):     0.285312
Stddev Latency(s):      0.0909768
Max latency(s):         0.958422
Min latency(s):         0.11688
