Time:2017-11-08 13:43:17
Duration(s):60
BlockSize(MB):32M
hints = 1
Maintaining 16 concurrent writes of 33554432 bytes to objects of size 33554432 for up to 60 seconds or 0 objects
Object prefix: benchmark_data_ceph-res-gw1.fds.rl.ac.uk_53457
  sec Cur ops   started  finished  avg MB/s  cur MB/s last lat(s)  avg lat(s)
    0       0         0         0         0         0           -           0
    1       5         5         0         0         0           -           0
    2       8         8         0         0         0           -           0
    3      12        12         0         0         0           -           0
    4      15        15         0         0         0           -           0
    5      15        19         4   25.5972      25.6     4.99644     4.48245
    6      15        22         7   37.3292        96     4.38842     4.51618
    7      15        25        10   45.7091        96     4.38973     4.54101
    8      15        29        14   55.9937       128      4.4472     4.54231
    9      15        33        18   63.9926       128     4.62378     4.54811
   10      15        36        21   67.1919        96     4.40458     4.54169
   11      15        39        24   69.8098        96     4.33551     4.54507
   12      15        43        28   74.6578       128     4.80951     4.55476
   13      15        46        31   76.2986        96     4.33719     4.55044
   14      15        50        35   79.9903       128     4.73157     4.56173
   15      15        54        39   83.1899       128     4.62691     4.56381
   16      15        58        43   85.9896       128     4.64104     4.56417
   17      15        61        46   86.5776        96     4.63536     4.56314
   18      15        65        50    88.878       128     4.55013     4.56463
   19      15        68        53   89.2523        96     4.61385     4.56461
2017-11-08 13:43:38.538276 min lat: 4.10918 max lat: 4.99644 avg lat: 4.56835
  sec Cur ops   started  finished  avg MB/s  cur MB/s last lat(s)  avg lat(s)
   20      15        71        56   89.5891        96     4.52157     4.56835
   21      15        75        60   91.4174       128     4.50344     4.57051
   22      15        78        63   91.6252        96      4.5491     4.57382
   23      15        82        67    93.206       128      4.3722     4.57507
   24      15        86        71   94.6552       128     4.44247     4.57192
   25      15        89        74   94.7084        96     4.36285     4.57263
   26      15        92        77   94.7577        96     4.40637     4.57455
   27      15        96        81   95.9883       128     4.39847     4.57292
   28      15        99        84   95.9883        96     4.34522     4.57346
   29      15       103        88   97.0916       128     4.31902     4.57348
   30      15       106        91   97.0548        96      4.2849     4.57409
   31      15       110        95   98.0526       128     4.42193      4.5738
   32      15       113        98   97.9881        96      4.2298     4.57352
   33      15       117       102   98.8972       128      4.5772     4.57541
   34      15       120       105   98.8116        96     4.39195     4.57599
   35      15       123       108    98.731        96     4.36423     4.57565
   36      15       127       112   99.5436       128     4.55393     4.57592
   37      15       131       116   100.312       128     4.48686     4.57455
   38      15       135       120    101.04       128     4.53348     4.57434
   39      15       138       123   100.911        96     4.52696      4.5741
2017-11-08 13:43:58.540636 min lat: 4.10918 max lat: 4.99644 avg lat: 4.57427
  sec Cur ops   started  finished  avg MB/s  cur MB/s last lat(s)  avg lat(s)
   40      15       142       127   101.588       128     4.57883     4.57427
   41      15       145       130   101.451        96     4.51085      4.5745
   42      15       148       133   101.321        96     4.59013     4.57544
   43      15       151       136   101.197        96      4.6904     4.57592
   44      15       155       140   101.806       128      4.4397     4.57529
   45      15       159       144   102.388       128     4.33378     4.57566
   46      15       162       147   102.249        96      4.4736      4.5762
   47      15       166       151   102.796       128     4.65502     4.57664
   48      15       170       155   103.321       128     4.56346     4.57589
   49      15       173       158   103.171        96     4.48429     4.57592
   50      15       176       161   103.028        96      4.5255     4.57566
   51      15       180       165   103.517       128     4.53386     4.57546
   52      15       183       168   103.372        96     4.46307     4.57529
   53      15       187       172   103.837       128     4.54838      4.5755
   54      15       190       175   103.691        96     4.49642     4.57525
   55      15       193       178   103.551        96     4.39747     4.57504
   56      15       197       182   103.987       128     4.47751     4.57482
   57      15       200       185   103.847        96     4.37289     4.57486
   58      15       204       189   104.263       128     4.47637     4.57501
   59      15       207       192   104.123        96     4.34937     4.57463
2017-11-08 13:44:18.543170 min lat: 4.10918 max lat: 4.99644 avg lat: 4.57577
  sec Cur ops   started  finished  avg MB/s  cur MB/s last lat(s)  avg lat(s)
   60      15       211       196   104.521       128     4.59407     4.57577
Total time run:         60.758257
Total writes made:      212
Write size:             33554432
Object size:            33554432
Bandwidth (MB/sec):     111.656
Stddev Bandwidth:       33.616
Max bandwidth (MB/sec): 128
Min bandwidth (MB/sec): 0
Average IOPS:           3
Stddev IOPS:            1
Max IOPS:               4
Min IOPS:               0
Average Latency(s):     4.41756
Stddev Latency(s):      0.660407
Max latency(s):         4.99644
Min latency(s):         0.833504
